Arguments: 
  /snap/node/5322/bin/node /snap/node/5322/bin/yarn.js global dir

PATH: 
  /snap/node/5322/lib/node_modules/npm/node_modules/npm-lifecycle/node-gyp-bin:/home/franciscosantos/Área de Trabalho/react-native/pomodoro/node_modules/.bin:/usr/local/sbin:/usr/local/bin:/usr/sbin:/usr/bin:/sbin:/bin:/usr/games:/usr/local/games:/snap/bin

Yarn version: 
  1.22.5

Node version: 
  14.17.6

Platform: 
  linux x64

Trace: 
  Error: EACCES: permission denied, write
      at writeSync (fs.js:733:3)
      at SyncWriteStream._write (internal/fs/sync_write_stream.js:24:3)
      at writeOrBuffer (internal/streams/writable.js:358:12)
      at SyncWriteStream.Writable.write (internal/streams/writable.js:303:10)
      at ConsoleReporter._log (/snap/node/5322/lib/cli.js:96770:17)
      at ConsoleReporter.log (/snap/node/5322/lib/cli.js:96758:10)
      at dir (/snap/node/5322/lib/cli.js:36256:14)
      at Object.<anonymous> (/snap/node/5322/lib/cli.js:25940:25)
      at Generator.next (<anonymous>)
      at step (/snap/node/5322/lib/cli.js:310:30)

npm manifest: 
  {
    "main": "node_modules/expo/AppEntry.js",
    "scripts": {
      "start": "expo start",
      "android": "expo start --android",
      "ios": "expo start --ios",
      "web": "expo start --web",
      "eject": "expo eject"
    },
    "dependencies": {
      "@expo/vector-icons": "^12.0.5",
      "expo": "~42.0.1",
      "expo-status-bar": "~1.0.4",
      "react": "16.13.1",
      "react-dom": "16.13.1",
      "react-native": "https://github.com/expo/react-native/archive/sdk-42.0.0.tar.gz",
      "react-native-progress-circle": "^2.1.0",
      "react-native-web": "~0.13.12"
    },
    "devDependencies": {
      "@babel/core": "^7.9.0",
      "@types/react": "~16.9.35",
      "@types/react-native": "~0.63.2",
      "typescript": "~4.0.0"
    },
    "private": true
  }

yarn manifest: 
  No manifest

Lockfile: 
  No lockfile
